<?xml version="1.0" encoding="UTF-8"?>
<!-- Generated by org.testng.reporters.JUnitReportReporter -->
<testsuite skipped="0" hostname="Flavios-MBP" name="com.db.awmd.challenge.MultiThreadAccountsServiceTest" tests="11" failures="0" timestamp="19 Oct 2017 15:30:15 GMT" time="4.762" errors="0">
  <testcase name="makeMultipleTransfer" time="0.517" classname="com.db.awmd.challenge.MultiThreadAccountsServiceTest"/>
  <testcase name="makeMultipleTransfer" time="0.473" classname="com.db.awmd.challenge.MultiThreadAccountsServiceTest"/>
  <testcase name="makeMultipleTransfer" time="0.467" classname="com.db.awmd.challenge.MultiThreadAccountsServiceTest"/>
  <testcase name="makeMultipleTransfer" time="0.480" classname="com.db.awmd.challenge.MultiThreadAccountsServiceTest"/>
  <testcase name="makeMultipleTransfer" time="0.439" classname="com.db.awmd.challenge.MultiThreadAccountsServiceTest"/>
  <testcase name="makeMultipleTransfer" time="0.484" classname="com.db.awmd.challenge.MultiThreadAccountsServiceTest"/>
  <testcase name="beforeMethod" time="0.006" classname="com.db.awmd.challenge.MultiThreadAccountsServiceTest"/>
  <testcase name="makeMultipleTransfer" time="0.476" classname="com.db.awmd.challenge.MultiThreadAccountsServiceTest"/>
  <testcase name="makeMultipleTransfer" time="0.464" classname="com.db.awmd.challenge.MultiThreadAccountsServiceTest"/>
  <testcase name="makeMultipleTransfer" time="0.477" classname="com.db.awmd.challenge.MultiThreadAccountsServiceTest"/>
  <testcase name="makeMultipleTransfer" time="0.479" classname="com.db.awmd.challenge.MultiThreadAccountsServiceTest"/>
</testsuite> <!-- com.db.awmd.challenge.MultiThreadAccountsServiceTest -->
